[debug] [2022-09-08T08:34:19.391Z] ----------------------------------------------------------------------
[debug] [2022-09-08T08:34:19.393Z] Command:       /usr/local/bin/firebase /Users/al/.cache/firebase/tools/lib/node_modules/firebase-tools/lib/bin/firebase init
[debug] [2022-09-08T08:34:19.393Z] CLI Version:   11.8.0
[debug] [2022-09-08T08:34:19.393Z] Platform:      darwin
[debug] [2022-09-08T08:34:19.393Z] Node Version:  v16.16.0
[debug] [2022-09-08T08:34:19.395Z] Time:          Thu Sep 08 2022 10:34:19 GMT+0200 (Central European Summer Time)
[debug] [2022-09-08T08:34:19.395Z] ----------------------------------------------------------------------
[debug] 
[debug] [2022-09-08T08:34:19.402Z] > command requires scopes: ["email","openid","https://www.googleapis.com/auth/cloudplatformprojects.readonly","https://www.googleapis.com/auth/firebase","https://www.googleapis.com/auth/cloud-platform"]
[debug] [2022-09-08T08:34:19.402Z] > authorizing via signed-in user (al@oblonghq.com)
[info] 
     ######## #### ########  ######## ########     ###     ######  ########
     ##        ##  ##     ## ##       ##     ##  ##   ##  ##       ##
     ######    ##  ########  ######   ########  #########  ######  ######
     ##        ##  ##    ##  ##       ##     ## ##     ##       ## ##
     ##       #### ##     ## ######## ########  ##     ##  ######  ########

You're about to initialize a Firebase project in this directory:

  /Users/al/Documents/code/peak

[info] 
=== Project Setup
[info] 
[info] First, let's associate this project directory with a Firebase project.
[info] You can create multiple project aliases by running firebase use --add, 
[info] but for now we'll just set up a default project.
[info] 
[debug] [2022-09-08T08:34:43.949Z] > refreshing access token with scopes: []
[debug] [2022-09-08T08:34:43.952Z] >>> [apiv2][query] POST https://www.googleapis.com/oauth2/v3/token [none]
[debug] [2022-09-08T08:34:43.952Z] >>> [apiv2][body] POST https://www.googleapis.com/oauth2/v3/token [omitted]
[debug] [2022-09-08T08:34:44.167Z] <<< [apiv2][status] POST https://www.googleapis.com/oauth2/v3/token 200
[debug] [2022-09-08T08:34:44.167Z] <<< [apiv2][body] POST https://www.googleapis.com/oauth2/v3/token [omitted]
[debug] [2022-09-08T08:34:44.218Z] >>> [apiv2][query] GET https://firebase.googleapis.com/v1beta1/projects pageSize=100
[debug] [2022-09-08T08:34:44.848Z] <<< [apiv2][status] GET https://firebase.googleapis.com/v1beta1/projects 200
[debug] [2022-09-08T08:34:44.848Z] <<< [apiv2][body] GET https://firebase.googleapis.com/v1beta1/projects [omitted]
[info] i  Using project peak-demo (peak-demo) 
[info] 
=== Hosting Setup
[info] 
[info] Your public directory is the folder (relative to your project directory) that
[info] will contain Hosting assets to be uploaded with firebase deploy. If you
[info] have a build process for your assets, use your build's output directory.
[info] 
[info] i  Skipping write of storage/app/static/404.html 
[debug] [2022-09-08T08:35:12.140Z] >>> [apiv2][query] GET https://www.gstatic.com/firebasejs/releases.json [none]
[debug] [2022-09-08T08:35:12.274Z] <<< [apiv2][status] GET https://www.gstatic.com/firebasejs/releases.json 200
[debug] [2022-09-08T08:35:12.275Z] <<< [apiv2][body] GET https://www.gstatic.com/firebasejs/releases.json {"current":{"version":"9.9.4","browserURL":"https://www.gstatic.com/firebasejs/9.9.4/firebase.js","packageURL":"https://www.gstatic.com/firebasejs/9.9.4/firebase.tgz"},"live":{"version":"9.9","browserURL":"https://www.gstatic.com/firebasejs/live/9.9/firebase.js","packageURL":"https://www.gstatic.com/firebasejs/live/9.9/firebase.tgz"},"components":{"analytics":"https://www.gstatic.com/firebasejs/9.9.4/firebase-analytics.js","app":"https://www.gstatic.com/firebasejs/9.9.4/firebase-app.js","app-check":"https://www.gstatic.com/firebasejs/9.9.4/firebase-app-check.js","auth":"https://www.gstatic.com/firebasejs/9.9.4/firebase-auth.js","auth/cordova":"https://www.gstatic.com/firebasejs/9.9.4/firebase-auth/cordova.js","auth/react-native":"https://www.gstatic.com/firebasejs/9.9.4/firebase-auth/react-native.js","functions":"https://www.gstatic.com/firebasejs/9.9.4/firebase-functions.js","firestore":"https://www.gstatic.com/firebasejs/9.9.4/firebase-firestore.js","firestore/lite":"https://www.gstatic.com/firebasejs/9.9.4/firebase-firestore/lite.js","installations":"https://www.gstatic.com/firebasejs/9.9.4/firebase-installations.js","storage":"https://www.gstatic.com/firebasejs/9.9.4/firebase-storage.js","performance":"https://www.gstatic.com/firebasejs/9.9.4/firebase-performance.js","remote-config":"https://www.gstatic.com/firebasejs/9.9.4/firebase-remote-config.js","messaging":"https://www.gstatic.com/firebasejs/9.9.4/firebase-messaging.js","messaging/sw":"https://www.gstatic.com/firebasejs/9.9.4/firebase-messaging/sw.js","database":"https://www.gstatic.com/firebasejs/9.9.4/firebase-database.js","firestore.memory":"https://www.gstatic.com/firebasejs/9.9.4/firebase-firestore.memory.js"}}
[info] i  Skipping write of storage/app/static/index.html 
[info] 
[info] i  Detected a .git folder at /Users/al/Documents/code/peak 
[info] i  Authorizing with GitHub to upload your service account to a GitHub repository's secrets store. 
[info] 
[info] Visit this URL on this device to log in:
[info] https://github.com/login/oauth/authorize?client_id=89cf50f02ac6aaed3484&state=1069869516&redirect_uri=http%3A%2F%2Flocalhost%3A9005&scope=read%3Auser%20repo%20public_repo
[info] 
[info] Waiting for authentication...
[debug] [2022-09-08T08:35:16.234Z] >>> [apiv2][query] POST https://github.com/login/oauth/access_token [none]
[debug] [2022-09-08T08:35:16.234Z] >>> [apiv2][body] POST https://github.com/login/oauth/access_token [stream]
[debug] [2022-09-08T08:35:16.532Z] <<< [apiv2][status] POST https://github.com/login/oauth/access_token 200
[debug] [2022-09-08T08:35:16.532Z] <<< [apiv2][body] POST https://github.com/login/oauth/access_token {"access_token":"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","token_type":"bearer","scope":"read:user,repo"}
[debug] [2022-09-08T08:35:16.539Z] >>> [apiv2][query] GET https://api.github.com/user [none]
[debug] [2022-09-08T08:35:16.855Z] <<< [apiv2][status] GET https://api.github.com/user 200
[debug] [2022-09-08T08:35:16.856Z] <<< [apiv2][body] GET https://api.github.com/user {"login":"adrelliott","id":2983813,"node_id":"MDQ6VXNlcjI5ODM4MTM=","avatar_url":"https://avatars.githubusercontent.com/u/2983813?v=4","gravatar_id":"","url":"https://api.github.com/users/adrelliott","html_url":"https://github.com/adrelliott","followers_url":"https://api.github.com/users/adrelliott/followers","following_url":"https://api.github.com/users/adrelliott/following{/other_user}","gists_url":"https://api.github.com/users/adrelliott/gists{/gist_id}","starred_url":"https://api.github.com/users/adrelliott/starred{/owner}{/repo}","subscriptions_url":"https://api.github.com/users/adrelliott/subscriptions","organizations_url":"https://api.github.com/users/adrelliott/orgs","repos_url":"https://api.github.com/users/adrelliott/repos","events_url":"https://api.github.com/users/adrelliott/events{/privacy}","received_events_url":"https://api.github.com/users/adrelliott/received_events","type":"User","site_admin":false,"name":"Al Elliott","company":null,"blog":"","location":null,"email":null,"hireable":null,"bio":null,"twitter_username":null,"public_repos":64,"public_gists":13,"followers":4,"following":8,"created_at":"2012-12-06T21:00:58Z","updated_at":"2022-09-07T09:01:31Z","private_gists":3,"total_private_repos":6,"owned_private_repos":6,"disk_usage":125252,"collaborators":0,"two_factor_authentication":false,"plan":{"name":"free","space":976562499,"collaborators":0,"private_repos":10000}}
[info] 
[info] ✔  Success! Logged into GitHub as adrelliott 
[info] 
